[2021/07/17 21:29:25] Loading All Scripts....................
[2021/07/17 21:29:25] Load Rank FUNC_RANK_EQUIPVALUE
[2021/07/17 21:29:25] Load Stable Rank count 0
[2021/07/17 21:29:25] Load Dynamic Rank count 0
[2021/07/17 21:29:25] Load Rank FUNC_RANK_EQUIPVALUE end
[2021/07/17 21:29:25] load[NIL] is not supported!!!
[2021/07/17 21:29:25] 
All Scripts Have Been Loaded! Count = 82
[2021/07/17 21:29:25] root client[:0] create
[2021/07/17 21:29:27] start autotimer for Ping: 
[2021/07/17 21:29:27] gateway client create: 127.0.0.1
[2021/07/17 21:29:27] TRIP_MODE: None
[2021/07/17 21:29:27] Loading World Setting...
[2021/07/17 21:29:27] Reset map pho ban thanh cong
[2021/07/17 21:29:27] Load League Data...Not League Data.
[2021/07/17 21:29:27] =====> THONG BAO TIN TUC TU DONG
[2021/07/17 21:29:27] =====> BAT DAU KHOI DONG CAC TINH NANG CUA GAME VO LAM TRUYEN KY <=====
[2021/07/17 21:29:27] =====> TONG_SPFESTIVAL SE BAT DAU LUC 22:0...
[2021/07/17 21:29:27] =====> TONG_SHREWMOUSE BAT DAU LUC 22:0...
[2021/07/17 21:29:27] =====> HOAT DONG THU THAP VAT PHAM BANG HOI BAT DAU TU 22:0?
[2021/07/17 21:29:27] <=====BOSS TIEU HOANG KIM: [12:0] IS START========>
[2021/07/17 21:29:27] ================[START BOSS HOANG KIM [19:00 PM] ]==================
[2021/07/17 21:29:27] =================Phong Lang Do 22:0================== 
[2021/07/17 21:29:27] **************** Tèng Kim Quèc ChiÕn nhiÖm vô khëi ®éng thµnh c«ng****************
[2021/07/17 21:29:27] ====================> Quoc Chien 19:50 <====================
[2021/07/17 21:29:27]        Lay danh sach cac cao thu, phu ho, cao thu mon phai vao thu 2 hang tuan 0:01
[2021/07/17 21:29:27]  ========================================================================================
[2021/07/17 21:29:27]          Cap nhat thong tin moi nhat ve THU HANG GIANG HO vao luc 23h50 moi ngay
[2021/07/17 21:29:27] Qña Huy Hoµng
[2021/07/17 21:29:27]  ========================================================================================
[2021/07/17 21:29:27]                 Tinh nang Lien Dau (Don dau tu do) Start: Phase=2  SeasonID=70 
[2021/07/17 21:29:27]                            tu thu 2 den thu 6: 19h00 ~ 19h45, 4 tran 
[2021/07/17 21:29:27]                    2 ngay cuoi tuan 18h00 ~ 18h45 va 20h00 ~ 20h45, 8 tran 
[2021/07/17 21:29:27] =====> VUOT AI KHIEU CHIEN THOI GIAN BAT DAU 22:0...
[2021/07/17 21:29:27] =====> BANG XEP HANG <THACH THUC THOI GIAN> MOI NGAY=======
[2021/07/17 21:29:27]  ========================================================================================
[2021/07/17 21:29:27]                             Ladder startup. . . 10.001 -> 10500
[2021/07/17 21:29:27] =================GLOBALEXCUTECHAT=================
[2021/07/17 21:29:27] =====> [SEVENCITY] Bat Dau Ghi Danh That Thanh Dai Chien
[2021/07/17 21:29:27] =====> [SEVENCITY] Ket Thuc Ghi Danh That Thanh Dai Chien
[2021/07/17 21:29:27] =====> [SEVENCITY] Chuan Bi That Thanh Dai Chien
[2021/07/17 21:29:27] =====> [SEVENCITY] Bat Dau That Thanh Dai Chien
[2021/07/17 21:29:27] =====> [SEVENCITY] Ket Thuc That Thanh Dai Chien
[2021/07/17 21:29:27] Qua Hoang Kim
[2021/07/17 21:29:27] Failed to init statdatamanager!
[2021/07/17 21:29:27] S3Relay -- S3Relay- Khoi dong hoan tat! 
[2021/07/17 21:29:27] 
*
***** S3Relay Start (@ 149837032/00/43200 00:-6186088:135861597.136280271) >>>>>
*


[2021/07/17 21:29:27] SockThread start success
[2021/07/17 21:29:27] Tinh Nang Da Khoi Dong -->Vuot Ai
[2021/07/17 21:29:27] Tinh Nang Moi Da Khoi Dong-->Vuot Ai
[2021/07/17 21:29:27] Tinh Nang Da Khoi Dong -->Phong Lang Do
[2021/07/17 21:29:27] Tinh Nang Moi Da Khoi Dong-->Phong Lang Do
[2021/07/17 21:29:27] Tinh Nang Da Khoi Dong -->Tong Kim
[2021/07/17 21:29:27] Tinh Nang Moi Da Khoi Dong-->Tong Kim
[2021/07/17 21:29:27] Tinh Nang Da Khoi Dong -->Boss Hoang Kim
[2021/07/17 21:29:27] Tinh Nang Moi Da Khoi Dong-->Boss Hoang Kim
[2021/07/17 21:29:27] Tinh Nang Da Khoi Dong -->Boss Tieu Hoang Kim
[2021/07/17 21:29:27] Tinh Nang Moi Da Khoi Dong-->Boss Tieu Hoang Kim
[2021/07/17 21:29:27] Tinh Nang Da Khoi Dong -->That Thanh Dai Chien
[2021/07/17 21:29:27] Tinh Nang Moi Da Khoi Dong-->That Thanh Dai Chien
[2021/07/17 21:29:27] Tinh Nang Da Khoi Dong -->Doan Hoa Dang
[2021/07/17 21:29:27] Tinh Nang Moi Da Khoi Dong-->Doan Hoa Dang
[2021/07/17 21:29:27] Tinh Nang Da Khoi Dong -->Lien Dau
[2021/07/17 21:29:27] Tinh Nang Moi Da Khoi Dong-->Lien Dau
[2021/07/17 21:29:27] KHOI DONG LAI BANG XEP HANG
[2021/07/17 21:29:27]  ========================================================================================
[2021/07/17 21:29:27]  
[2021/07/17 21:29:27]                                Server HKMP Edit By PGaming  
[2021/07/17 21:29:27]  
[2021/07/17 21:29:27]  ========================================================================================
[2021/07/17 21:29:56] ChatConnection create: 127.0.0.1
[2021/07/17 21:29:56] TongConnection create: 127.0.0.1
[2021/07/17 21:29:56] HostConnection create: 127.0.0.1
[2021/07/17 21:30:10] TongDataSendFinish: 127.0.0.1
[2021/07/17 21:30:10] ============ League Match GSReady(16777343): Phase=2  MatchID=0  SeasonID=70 =============
[2021/07/17 21:30:10] GameServerLogin: 127.0.0.1
[2021/07/17 21:30:11] Assign Dynamic map(948,70001) for GS:0
[2021/07/17 21:30:11] GS:0 Total Dynamic map:1
[2021/07/17 21:30:11] GS:0 Total Static map:670
[2021/07/17 21:30:11] Assign Dynamic map(948,70002) for GS:0
[2021/07/17 21:30:11] GS:0 Total Dynamic map:2
[2021/07/17 21:30:11] GS:0 Total Static map:670
[2021/07/17 21:30:11] Assign Dynamic map(948,70003) for GS:0
[2021/07/17 21:30:11] GS:0 Total Dynamic map:3
[2021/07/17 21:30:11] GS:0 Total Static map:670
[2021/07/17 21:30:11] Assign Dynamic map(948,70004) for GS:0
[2021/07/17 21:30:11] GS:0 Total Dynamic map:4
[2021/07/17 21:30:11] GS:0 Total Static map:670
[2021/07/17 21:30:11] Assign Dynamic map(948,70005) for GS:0
[2021/07/17 21:30:11] GS:0 Total Dynamic map:5
[2021/07/17 21:30:11] GS:0 Total Static map:670
[2021/07/17 21:30:11] Assign Dynamic map(976,65536) for GS:0
[2021/07/17 21:30:11] GS:0 Total Dynamic map:6
[2021/07/17 21:30:11] GS:0 Total Static map:670
[2021/07/17 21:30:11] Assign Dynamic map(976,65537) for GS:0
[2021/07/17 21:30:11] GS:0 Total Dynamic map:7
[2021/07/17 21:30:11] GS:0 Total Static map:670
[2021/07/17 21:30:11] Assign Dynamic map(976,65538) for GS:0
[2021/07/17 21:30:11] GS:0 Total Dynamic map:8
[2021/07/17 21:30:11] GS:0 Total Static map:670
[2021/07/17 21:30:11] Assign Dynamic map(976,65539) for GS:0
[2021/07/17 21:30:11] GS:0 Total Dynamic map:9
[2021/07/17 21:30:11] GS:0 Total Static map:670
[2021/07/17 21:30:11] Assign Dynamic map(976,65540) for GS:0
[2021/07/17 21:30:11] GS:0 Total Dynamic map:10
[2021/07/17 21:30:11] GS:0 Total Static map:670
[2021/07/17 21:30:11] Assign Dynamic map(958,70006) for GS:0
[2021/07/17 21:30:11] GS:0 Total Dynamic map:11
[2021/07/17 21:30:11] GS:0 Total Static map:670
[2021/07/17 21:30:11] Assign Dynamic map(958,70007) for GS:0
[2021/07/17 21:30:11] GS:0 Total Dynamic map:12
[2021/07/17 21:30:11] GS:0 Total Static map:670
[2021/07/17 21:30:11] Assign Dynamic map(958,70008) for GS:0
[2021/07/17 21:30:11] GS:0 Total Dynamic map:13
[2021/07/17 21:30:11] GS:0 Total Static map:670
[2021/07/17 21:30:11] Assign Dynamic map(958,70009) for GS:0
[2021/07/17 21:30:11] GS:0 Total Dynamic map:14
[2021/07/17 21:30:11] GS:0 Total Static map:670
[2021/07/17 21:30:11] Assign Dynamic map(958,70010) for GS:0
[2021/07/17 21:30:11] GS:0 Total Dynamic map:15
[2021/07/17 21:30:11] GS:0 Total Static map:670
[2021/07/17 21:30:11] Assign Dynamic map(975,65541) for GS:0
[2021/07/17 21:30:11] GS:0 Total Dynamic map:16
[2021/07/17 21:30:11] GS:0 Total Static map:670
[2021/07/17 21:30:11] Assign Dynamic map(975,65542) for GS:0
[2021/07/17 21:30:11] GS:0 Total Dynamic map:17
[2021/07/17 21:30:11] GS:0 Total Static map:670
[2021/07/17 21:30:11] Assign Dynamic map(975,65543) for GS:0
[2021/07/17 21:30:11] GS:0 Total Dynamic map:18
[2021/07/17 21:30:11] GS:0 Total Static map:670
[2021/07/17 21:30:11] Assign Dynamic map(975,65544) for GS:0
[2021/07/17 21:30:11] GS:0 Total Dynamic map:19
[2021/07/17 21:30:11] GS:0 Total Static map:670
[2021/07/17 21:30:11] Assign Dynamic map(975,65545) for GS:0
[2021/07/17 21:30:11] GS:0 Total Dynamic map:20
